CRITICAL - 2023-10-23 22:45:19 --> Undefined array key "email"
in APPPATH\Controllers\LoginController.php on line 16.
 1 APPPATH\Controllers\LoginController.php(16): CodeIgniter\Debug\Exceptions->errorHandler(2, 'Undefined array key "email"', 'C:\\xampp\\htdocs\\TrabajoFinalProyecto\\app\\Controllers\\LoginController.php', 16)
 2 SYSTEMPATH\CodeIgniter.php(919): App\Controllers\LoginController->logear()
 3 SYSTEMPATH\CodeIgniter.php(494): CodeIgniter\CodeIgniter->runController(Object(App\Controllers\LoginController))
 4 SYSTEMPATH\CodeIgniter.php(353): CodeIgniter\CodeIgniter->handleRequest(null, Object(Config\Cache), false)
 5 FCPATH\index.php(79): CodeIgniter\CodeIgniter->run()
CRITICAL - 2023-10-23 22:45:30 --> Undefined array key "email"
in APPPATH\Controllers\LoginController.php on line 16.
 1 APPPATH\Controllers\LoginController.php(16): CodeIgniter\Debug\Exceptions->errorHandler(2, 'Undefined array key "email"', 'C:\\xampp\\htdocs\\TrabajoFinalProyecto\\app\\Controllers\\LoginController.php', 16)
 2 SYSTEMPATH\CodeIgniter.php(919): App\Controllers\LoginController->logear()
 3 SYSTEMPATH\CodeIgniter.php(494): CodeIgniter\CodeIgniter->runController(Object(App\Controllers\LoginController))
 4 SYSTEMPATH\CodeIgniter.php(353): CodeIgniter\CodeIgniter->handleRequest(null, Object(Config\Cache), false)
 5 FCPATH\index.php(79): CodeIgniter\CodeIgniter->run()
CRITICAL - 2023-10-23 22:48:04 --> Undefined property: App\Controllers\LoginController::$input
in APPPATH\Controllers\LoginController.php on line 16.
 1 APPPATH\Controllers\LoginController.php(16): CodeIgniter\Debug\Exceptions->errorHandler(2, 'Undefined property: App\\Controllers\\LoginController::$input', 'C:\\xampp\\htdocs\\TrabajoFinalProyecto\\app\\Controllers\\LoginController.php', 16)
 2 SYSTEMPATH\CodeIgniter.php(919): App\Controllers\LoginController->logear()
 3 SYSTEMPATH\CodeIgniter.php(494): CodeIgniter\CodeIgniter->runController(Object(App\Controllers\LoginController))
 4 SYSTEMPATH\CodeIgniter.php(353): CodeIgniter\CodeIgniter->handleRequest(null, Object(Config\Cache), false)
 5 FCPATH\index.php(79): CodeIgniter\CodeIgniter->run()
