CRITICAL - 2023-10-25 19:13:16 --> A void function must not return a value
in APPPATH\Controllers\LoginController.php on line 32.
 1 [internal function]: CodeIgniter\Debug\Exceptions->shutdownHandler()
CRITICAL - 2023-10-25 19:14:22 --> App\Controllers\LoginController::logear(): Return value must be of type string, none returned
in APPPATH\Controllers\LoginController.php on line 31.
 1 SYSTEMPATH\CodeIgniter.php(919): App\Controllers\LoginController->logear()
 2 SYSTEMPATH\CodeIgniter.php(494): CodeIgniter\CodeIgniter->runController(Object(App\Controllers\LoginController))
 3 SYSTEMPATH\CodeIgniter.php(353): CodeIgniter\CodeIgniter->handleRequest(null, Object(Config\Cache), false)
 4 FCPATH\index.php(79): CodeIgniter\CodeIgniter->run()
CRITICAL - 2023-10-25 19:14:47 --> App\Controllers\LoginController::logear(): Return value must be of type string, none returned
in APPPATH\Controllers\LoginController.php on line 31.
 1 SYSTEMPATH\CodeIgniter.php(919): App\Controllers\LoginController->logear()
 2 SYSTEMPATH\CodeIgniter.php(494): CodeIgniter\CodeIgniter->runController(Object(App\Controllers\LoginController))
 3 SYSTEMPATH\CodeIgniter.php(353): CodeIgniter\CodeIgniter->handleRequest(null, Object(Config\Cache), false)
 4 FCPATH\index.php(79): CodeIgniter\CodeIgniter->run()
CRITICAL - 2023-10-25 19:15:15 --> App\Controllers\LoginController::logear(): Return value must be of type string, none returned
in APPPATH\Controllers\LoginController.php on line 31.
 1 SYSTEMPATH\CodeIgniter.php(919): App\Controllers\LoginController->logear()
 2 SYSTEMPATH\CodeIgniter.php(494): CodeIgniter\CodeIgniter->runController(Object(App\Controllers\LoginController))
 3 SYSTEMPATH\CodeIgniter.php(353): CodeIgniter\CodeIgniter->handleRequest(null, Object(Config\Cache), false)
 4 FCPATH\index.php(79): CodeIgniter\CodeIgniter->run()
INFO - 2023-10-25 19:20:19 --> Session: Class initialized using 'CodeIgniter\Session\Handlers\FileHandler' driver.
INFO - 2023-10-25 19:20:46 --> Session: Class initialized using 'CodeIgniter\Session\Handlers\FileHandler' driver.
INFO - 2023-10-25 19:23:39 --> Session: Class initialized using 'CodeIgniter\Session\Handlers\FileHandler' driver.
INFO - 2023-10-25 19:24:20 --> Session: Class initialized using 'CodeIgniter\Session\Handlers\FileHandler' driver.
INFO - 2023-10-25 19:24:32 --> Session: Class initialized using 'CodeIgniter\Session\Handlers\FileHandler' driver.
CRITICAL - 2023-10-25 19:31:43 --> Attempt to read property "contraseña" on null
in APPPATH\Controllers\LoginController.php on line 29.
 1 APPPATH\Controllers\LoginController.php(29): CodeIgniter\Debug\Exceptions->errorHandler(2, 'Attempt to read property "contraseña" on null', 'C:\\xampp\\htdocs\\TrabajoFinalProyecto\\app\\Controllers\\LoginController.php', 29)
 2 SYSTEMPATH\CodeIgniter.php(919): App\Controllers\LoginController->logear()
 3 SYSTEMPATH\CodeIgniter.php(494): CodeIgniter\CodeIgniter->runController(Object(App\Controllers\LoginController))
 4 SYSTEMPATH\CodeIgniter.php(353): CodeIgniter\CodeIgniter->handleRequest(null, Object(Config\Cache), false)
 5 FCPATH\index.php(79): CodeIgniter\CodeIgniter->run()
INFO - 2023-10-25 19:31:57 --> Session: Class initialized using 'CodeIgniter\Session\Handlers\FileHandler' driver.
INFO - 2023-10-25 19:32:09 --> Session: Class initialized using 'CodeIgniter\Session\Handlers\FileHandler' driver.
CRITICAL - 2023-10-25 19:32:14 --> Attempt to read property "contraseña" on null
in APPPATH\Controllers\LoginController.php on line 29.
 1 APPPATH\Controllers\LoginController.php(29): CodeIgniter\Debug\Exceptions->errorHandler(2, 'Attempt to read property "contraseña" on null', 'C:\\xampp\\htdocs\\TrabajoFinalProyecto\\app\\Controllers\\LoginController.php', 29)
 2 SYSTEMPATH\CodeIgniter.php(919): App\Controllers\LoginController->logear()
 3 SYSTEMPATH\CodeIgniter.php(494): CodeIgniter\CodeIgniter->runController(Object(App\Controllers\LoginController))
 4 SYSTEMPATH\CodeIgniter.php(353): CodeIgniter\CodeIgniter->handleRequest(null, Object(Config\Cache), false)
 5 FCPATH\index.php(79): CodeIgniter\CodeIgniter->run()
CRITICAL - 2023-10-25 19:33:14 --> Attempt to read property "contraseña" on null
in APPPATH\Controllers\LoginController.php on line 29.
 1 APPPATH\Controllers\LoginController.php(29): CodeIgniter\Debug\Exceptions->errorHandler(2, 'Attempt to read property "contraseña" on null', 'C:\\xampp\\htdocs\\TrabajoFinalProyecto\\app\\Controllers\\LoginController.php', 29)
 2 SYSTEMPATH\CodeIgniter.php(919): App\Controllers\LoginController->logear()
 3 SYSTEMPATH\CodeIgniter.php(494): CodeIgniter\CodeIgniter->runController(Object(App\Controllers\LoginController))
 4 SYSTEMPATH\CodeIgniter.php(353): CodeIgniter\CodeIgniter->handleRequest(null, Object(Config\Cache), false)
 5 FCPATH\index.php(79): CodeIgniter\CodeIgniter->run()
CRITICAL - 2023-10-25 19:34:12 --> Attempt to read property "contraseña" on null
in APPPATH\Controllers\LoginController.php on line 31.
 1 APPPATH\Controllers\LoginController.php(31): CodeIgniter\Debug\Exceptions->errorHandler(2, 'Attempt to read property "contraseña" on null', 'C:\\xampp\\htdocs\\TrabajoFinalProyecto\\app\\Controllers\\LoginController.php', 31)
 2 SYSTEMPATH\CodeIgniter.php(919): App\Controllers\LoginController->logear()
 3 SYSTEMPATH\CodeIgniter.php(494): CodeIgniter\CodeIgniter->runController(Object(App\Controllers\LoginController))
 4 SYSTEMPATH\CodeIgniter.php(353): CodeIgniter\CodeIgniter->handleRequest(null, Object(Config\Cache), false)
 5 FCPATH\index.php(79): CodeIgniter\CodeIgniter->run()
INFO - 2023-10-25 21:12:30 --> Session: Class initialized using 'CodeIgniter\Session\Handlers\FileHandler' driver.
INFO - 2023-10-25 22:14:46 --> Session: Class initialized using 'CodeIgniter\Session\Handlers\FileHandler' driver.
