ERROR - 2023-10-18 21:51:11 --> Error connecting to the database: mysqli_sql_exception: Unknown database 'proyecto_software_final' in C:\xampp\htdocs\TrabajoFinalProyecto\system\Database\MySQLi\Connection.php:185
Stack trace:
#0 C:\xampp\htdocs\TrabajoFinalProyecto\system\Database\MySQLi\Connection.php(185): mysqli->real_connect('localhost', 'root', '', 'proyecto_softwa...', 3306, '', 0)
#1 C:\xampp\htdocs\TrabajoFinalProyecto\system\Database\BaseConnection.php(391): CodeIgniter\Database\MySQLi\Connection->connect(false)
#2 C:\xampp\htdocs\TrabajoFinalProyecto\system\Database\BaseConnection.php(574): CodeIgniter\Database\BaseConnection->initialize()
#3 C:\xampp\htdocs\TrabajoFinalProyecto\system\Database\BaseBuilder.php(1615): CodeIgniter\Database\BaseConnection->query('SELECT *\nFROM `...', Array, false)
#4 C:\xampp\htdocs\TrabajoFinalProyecto\system\Model.php(237): CodeIgniter\Database\BaseBuilder->get()
#5 C:\xampp\htdocs\TrabajoFinalProyecto\system\BaseModel.php(624): CodeIgniter\Model->doFindAll(0, 0)
#6 C:\xampp\htdocs\TrabajoFinalProyecto\app\Controllers\AdminController.php(23): CodeIgniter\BaseModel->findAll()
#7 C:\xampp\htdocs\TrabajoFinalProyecto\system\CodeIgniter.php(919): App\Controllers\AdminController->ABMCusuarios()
#8 C:\xampp\htdocs\TrabajoFinalProyecto\system\CodeIgniter.php(494): CodeIgniter\CodeIgniter->runController(Object(App\Controllers\AdminController))
#9 C:\xampp\htdocs\TrabajoFinalProyecto\system\CodeIgniter.php(353): CodeIgniter\CodeIgniter->handleRequest(NULL, Object(Config\Cache), false)
#10 C:\xampp\htdocs\TrabajoFinalProyecto\public\index.php(79): CodeIgniter\CodeIgniter->run()
#11 {main}

Next CodeIgniter\Database\Exceptions\DatabaseException: Unknown database 'proyecto_software_final' in C:\xampp\htdocs\TrabajoFinalProyecto\system\Database\MySQLi\Connection.php:229
Stack trace:
#0 C:\xampp\htdocs\TrabajoFinalProyecto\system\Database\BaseConnection.php(391): CodeIgniter\Database\MySQLi\Connection->connect(false)
#1 C:\xampp\htdocs\TrabajoFinalProyecto\system\Database\BaseConnection.php(574): CodeIgniter\Database\BaseConnection->initialize()
#2 C:\xampp\htdocs\TrabajoFinalProyecto\system\Database\BaseBuilder.php(1615): CodeIgniter\Database\BaseConnection->query('SELECT *\nFROM `...', Array, false)
#3 C:\xampp\htdocs\TrabajoFinalProyecto\system\Model.php(237): CodeIgniter\Database\BaseBuilder->get()
#4 C:\xampp\htdocs\TrabajoFinalProyecto\system\BaseModel.php(624): CodeIgniter\Model->doFindAll(0, 0)
#5 C:\xampp\htdocs\TrabajoFinalProyecto\app\Controllers\AdminController.php(23): CodeIgniter\BaseModel->findAll()
#6 C:\xampp\htdocs\TrabajoFinalProyecto\system\CodeIgniter.php(919): App\Controllers\AdminController->ABMCusuarios()
#7 C:\xampp\htdocs\TrabajoFinalProyecto\system\CodeIgniter.php(494): CodeIgniter\CodeIgniter->runController(Object(App\Controllers\AdminController))
#8 C:\xampp\htdocs\TrabajoFinalProyecto\system\CodeIgniter.php(353): CodeIgniter\CodeIgniter->handleRequest(NULL, Object(Config\Cache), false)
#9 C:\xampp\htdocs\TrabajoFinalProyecto\public\index.php(79): CodeIgniter\CodeIgniter->run()
#10 {main}
CRITICAL - 2023-10-18 21:51:11 --> Unable to connect to the database.
Main connection [MySQLi]: Unknown database 'proyecto_software_final'
in SYSTEMPATH\Database\BaseConnection.php on line 427.
 1 SYSTEMPATH\Database\BaseConnection.php(574): CodeIgniter\Database\BaseConnection->initialize()
 2 SYSTEMPATH\Database\BaseBuilder.php(1615): CodeIgniter\Database\BaseConnection->query('SELECT *
FROM `usuario`
WHERE `usuario`.`deleted_at` IS NULL', [], false)
 3 SYSTEMPATH\Model.php(237): CodeIgniter\Database\BaseBuilder->get()
 4 SYSTEMPATH\BaseModel.php(624): CodeIgniter\Model->doFindAll(0, 0)
 5 APPPATH\Controllers\AdminController.php(23): CodeIgniter\BaseModel->findAll()
 6 SYSTEMPATH\CodeIgniter.php(919): App\Controllers\AdminController->ABMCusuarios()
 7 SYSTEMPATH\CodeIgniter.php(494): CodeIgniter\CodeIgniter->runController(Object(App\Controllers\AdminController))
 8 SYSTEMPATH\CodeIgniter.php(353): CodeIgniter\CodeIgniter->handleRequest(null, Object(Config\Cache), false)
 9 FCPATH\index.php(79): CodeIgniter\CodeIgniter->run()
ERROR - 2023-10-18 21:53:23 --> mysqli_sql_exception: Unknown column 'usuario.deleted_at' in 'where clause' in C:\xampp\htdocs\TrabajoFinalProyecto\system\Database\MySQLi\Connection.php:306
Stack trace:
#0 C:\xampp\htdocs\TrabajoFinalProyecto\system\Database\MySQLi\Connection.php(306): mysqli->query('SELECT *\nFROM `...', 0)
#1 C:\xampp\htdocs\TrabajoFinalProyecto\system\Database\BaseConnection.php(692): CodeIgniter\Database\MySQLi\Connection->execute('SELECT *\nFROM `...')
#2 C:\xampp\htdocs\TrabajoFinalProyecto\system\Database\BaseConnection.php(606): CodeIgniter\Database\BaseConnection->simpleQuery('SELECT *\nFROM `...')
#3 C:\xampp\htdocs\TrabajoFinalProyecto\system\Database\BaseBuilder.php(1615): CodeIgniter\Database\BaseConnection->query('SELECT *\nFROM `...', Array, false)
#4 C:\xampp\htdocs\TrabajoFinalProyecto\system\Model.php(237): CodeIgniter\Database\BaseBuilder->get()
#5 C:\xampp\htdocs\TrabajoFinalProyecto\system\BaseModel.php(624): CodeIgniter\Model->doFindAll(0, 0)
#6 C:\xampp\htdocs\TrabajoFinalProyecto\app\Controllers\AdminController.php(23): CodeIgniter\BaseModel->findAll()
#7 C:\xampp\htdocs\TrabajoFinalProyecto\system\CodeIgniter.php(919): App\Controllers\AdminController->ABMCusuarios()
#8 C:\xampp\htdocs\TrabajoFinalProyecto\system\CodeIgniter.php(494): CodeIgniter\CodeIgniter->runController(Object(App\Controllers\AdminController))
#9 C:\xampp\htdocs\TrabajoFinalProyecto\system\CodeIgniter.php(353): CodeIgniter\CodeIgniter->handleRequest(NULL, Object(Config\Cache), false)
#10 C:\xampp\htdocs\TrabajoFinalProyecto\public\index.php(79): CodeIgniter\CodeIgniter->run()
#11 {main}
CRITICAL - 2023-10-18 21:53:23 --> Unknown column 'usuario.deleted_at' in 'where clause'
in SYSTEMPATH\Database\BaseConnection.php on line 646.
 1 SYSTEMPATH\Database\BaseBuilder.php(1615): CodeIgniter\Database\BaseConnection->query('SELECT *
FROM `usuario`
WHERE `usuario`.`deleted_at` IS NULL', [], false)
 2 SYSTEMPATH\Model.php(237): CodeIgniter\Database\BaseBuilder->get()
 3 SYSTEMPATH\BaseModel.php(624): CodeIgniter\Model->doFindAll(0, 0)
 4 APPPATH\Controllers\AdminController.php(23): CodeIgniter\BaseModel->findAll()
 5 SYSTEMPATH\CodeIgniter.php(919): App\Controllers\AdminController->ABMCusuarios()
 6 SYSTEMPATH\CodeIgniter.php(494): CodeIgniter\CodeIgniter->runController(Object(App\Controllers\AdminController))
 7 SYSTEMPATH\CodeIgniter.php(353): CodeIgniter\CodeIgniter->handleRequest(null, Object(Config\Cache), false)
 8 FCPATH\index.php(79): CodeIgniter\CodeIgniter->run()
